<?xml version="1.0" encoding="UTF-8"?>
<!-- Generated by org.testng.reporters.JUnitXMLReporter -->
<testsuite hostname="workstation" ignored="0" name="Xiaomi" tests="2" failures="1" timestamp="2020-07-10T17:04:11 IST" time="68.689" errors="0">
  <testcase name="validateProductNameAndPriceOnProductsPage" time="12.596" classname="com.qa.tests.ProductsTest"/>
  <testcase name="validateProductNameAndDescritpionOnProductdetailsPage" time="14.989" classname="com.qa.tests.ProductsTest">
    <failure type="java.lang.AssertionError" message="The following asserts failed:
	expected [product_details_page_desc] but found [carry.allTheThings() with the sleek, streamlined Sly Pack that melds uncompromising style with unequaled laptop and tablet protection.]">
      <![CDATA[java.lang.AssertionError: The following asserts failed:
expected [product_details_page_desc] but found [carry.allTheThings() with the sleek, streamlined Sly Pack that melds uncompromising style with unequaled laptop and tablet protection.]
at com.qa.tests.ProductsTest.validateProductNameAndDescritpionOnProductdetailsPage(ProductsTest.java:89)
at java.util.ArrayList.forEach(ArrayList.java:1257)
at java.util.concurrent.FutureTask.run(FutureTask.java:266)
at java.util.concurrent.ThreadPoolExecutor.runWorker(ThreadPoolExecutor.java:1149)
at java.util.concurrent.ThreadPoolExecutor$Worker.run(ThreadPoolExecutor.java:624)
at java.lang.Thread.run(Thread.java:748)
... Removed 20 stack frames]]>
    </failure>
  </testcase> <!-- validateProductNameAndDescritpionOnProductdetailsPage -->
</testsuite> <!-- Xiaomi -->
