<?xml version="1.0" encoding="UTF-8"?>
<!-- Generated by org.testng.reporters.JUnitXMLReporter -->
<testsuite hostname="workstation" ignored="0" name="Default test" tests="3" failures="0" timestamp="2020-06-26T14:33:04 IST" time="0.072" errors="0">
  <testcase name="@BeforeTest createDriverInstance" time="-1.593162184006E9" classname="com.qa.base.BaseTest">
    <failure type="org.testng.TestNGException" message="
Parameter &amp;apos;udid&amp;apos; is required by BeforeTest on method createDriverInstance but has not been marked @Optional or defined
in /tmp/testng-eclipse-2140903702/testng-customsuite.xml">
      <![CDATA[org.testng.TestNGException: 
Parameter 'udid' is required by BeforeTest on method createDriverInstance but has not been marked @Optional or defined
in /tmp/testng-eclipse-2140903702/testng-customsuite.xml
at org.testng.internal.Parameters.createParams(Parameters.java:272)
at org.testng.internal.Parameters.createParametersForMethod(Parameters.java:360)
at org.testng.internal.Parameters.createParameters(Parameters.java:704)
at org.testng.internal.Parameters.createConfigurationParameters(Parameters.java:166)
at org.testng.internal.ConfigInvoker.invokeConfigurations(ConfigInvoker.java:283)
at org.testng.TestRunner.invokeTestConfigurations(TestRunner.java:619)
at org.testng.TestRunner.beforeRun(TestRunner.java:609)
at org.testng.TestRunner.run(TestRunner.java:580)
at org.testng.SuiteRunner.runTest(SuiteRunner.java:384)
at org.testng.SuiteRunner.runSequentially(SuiteRunner.java:378)
at org.testng.SuiteRunner.privateRun(SuiteRunner.java:337)
at org.testng.SuiteRunner.run(SuiteRunner.java:286)
at org.testng.SuiteRunnerWorker.runSuite(SuiteRunnerWorker.java:53)
at org.testng.SuiteRunnerWorker.run(SuiteRunnerWorker.java:96)
at org.testng.TestNG.runSuitesSequentially(TestNG.java:1187)
at org.testng.TestNG.runSuitesLocally(TestNG.java:1109)
at org.testng.TestNG.runSuites(TestNG.java:1039)
at org.testng.TestNG.run(TestNG.java:1007)
at org.testng.remote.AbstractRemoteTestNG.run(AbstractRemoteTestNG.java:115)
at org.testng.remote.RemoteTestNG.initAndRun(RemoteTestNG.java:251)
at org.testng.remote.RemoteTestNG.main(RemoteTestNG.java:77)
]]>
    </failure>
  </testcase> <!-- @BeforeTest createDriverInstance -->
  <testcase name="@BeforeClass beforeClass" time="-1.593162184039E9" classname="com.qa.tests.LoginTest">
    <skipped/>
  </testcase> <!-- @BeforeClass beforeClass -->
  <testcase name="@BeforeMethod beforeMethod" time="-1.593162184051E9" classname="com.qa.tests.LoginTest">
    <skipped/>
  </testcase> <!-- @BeforeMethod beforeMethod -->
  <testcase name="@BeforeMethod beforeMethod" time="-1.59316218406E9" classname="com.qa.tests.LoginTest">
    <skipped/>
  </testcase> <!-- @BeforeMethod beforeMethod -->
  <testcase name="@BeforeMethod beforeMethod" time="-1.593162184065E9" classname="com.qa.tests.LoginTest">
    <skipped/>
  </testcase> <!-- @BeforeMethod beforeMethod -->
  <testcase name="@AfterTest tearDown" time="-1.59316218407E9" classname="com.qa.base.BaseTest">
    <skipped/>
  </testcase> <!-- @AfterTest tearDown -->
  <testcase name="invalidPassword" time="0.0" classname="com.qa.tests.LoginTest">
    <skipped/>
  </testcase> <!-- invalidPassword -->
  <testcase name="invalidUsername" time="0.0" classname="com.qa.tests.LoginTest">
    <skipped/>
  </testcase> <!-- invalidUsername -->
  <testcase name="successfulLogin" time="0.0" classname="com.qa.tests.LoginTest">
    <skipped/>
  </testcase> <!-- successfulLogin -->
</testsuite> <!-- Default test -->
