<?xml version="1.0" encoding="UTF-8"?>
<testng-results skipped="0" failed="1" ignored="0" total="2" passed="1">
  <reporter-output>
  </reporter-output>
  <suite name="Appium_Practice_Suite" duration-ms="68689" started-at="2020-07-10T17:03:02 IST" finished-at="2020-07-10T17:04:11 IST">
    <groups>
    </groups>
    <test name="Xiaomi" duration-ms="68689" started-at="2020-07-10T17:03:02 IST" finished-at="2020-07-10T17:04:11 IST">
      <class name="com.qa.tests.ProductsTest">
        <test-method status="PASS" signature="createDriverInstance(java.lang.String, java.lang.String, java.lang.String)[pri:0, instance:com.qa.tests.ProductsTest@103f852]" name="createDriverInstance" is-config="true" duration-ms="34043" started-at="2020-07-10T17:03:02 IST" finished-at="2020-07-10T17:03:36 IST">
          <params>
            <param index="0">
              <value>
                <![CDATA[164cd41d9805]]>
              </value>
            </param>
            <param index="1">
              <value>
                <![CDATA[Android]]>
              </value>
            </param>
            <param index="2">
              <value>
                <![CDATA[Redmi Note 4]]>
              </value>
            </param>
          </params>
          <reporter-output>
          </reporter-output>
        </test-method> <!-- createDriverInstance -->
        <test-method status="PASS" signature="beforeClass()[pri:0, instance:com.qa.tests.ProductsTest@103f852]" name="beforeClass" is-config="true" duration-ms="6574" started-at="2020-07-10T17:03:36 IST" finished-at="2020-07-10T17:03:42 IST">
          <reporter-output>
          </reporter-output>
        </test-method> <!-- beforeClass -->
        <test-method status="PASS" signature="beforeMethod(java.lang.reflect.Method)[pri:0, instance:com.qa.tests.ProductsTest@103f852]" name="beforeMethod" is-config="true" duration-ms="121" started-at="2020-07-10T17:03:42 IST" finished-at="2020-07-10T17:03:43 IST">
          <params>
            <param index="0">
              <value>
                <![CDATA[public void com.qa.tests.ProductsTest.validateProductNameAndPriceOnProductsPage()]]>
              </value>
            </param>
          </params>
          <reporter-output>
          </reporter-output>
        </test-method> <!-- beforeMethod -->
        <test-method status="PASS" signature="validateProductNameAndPriceOnProductsPage()[pri:1, instance:com.qa.tests.ProductsTest@103f852]" name="validateProductNameAndPriceOnProductsPage" duration-ms="12596" started-at="2020-07-10T17:03:43 IST" finished-at="2020-07-10T17:03:55 IST">
          <reporter-output>
          </reporter-output>
        </test-method> <!-- validateProductNameAndPriceOnProductsPage -->
        <test-method status="PASS" signature="beforeMethod(java.lang.reflect.Method)[pri:0, instance:com.qa.tests.ProductsTest@103f852]" name="beforeMethod" is-config="true" duration-ms="9" started-at="2020-07-10T17:03:55 IST" finished-at="2020-07-10T17:03:55 IST">
          <params>
            <param index="0">
              <value>
                <![CDATA[public void com.qa.tests.ProductsTest.validateProductNameAndDescritpionOnProductdetailsPage()]]>
              </value>
            </param>
          </params>
          <reporter-output>
          </reporter-output>
        </test-method> <!-- beforeMethod -->
        <test-method status="FAIL" signature="validateProductNameAndDescritpionOnProductdetailsPage()[pri:2, instance:com.qa.tests.ProductsTest@103f852]" name="validateProductNameAndDescritpionOnProductdetailsPage" duration-ms="14989" started-at="2020-07-10T17:03:55 IST" finished-at="2020-07-10T17:04:10 IST">
          <exception class="java.lang.AssertionError">
            <message>
              <![CDATA[The following asserts failed:
expected [product_details_page_desc] but found [carry.allTheThings() with the sleek, streamlined Sly Pack that melds uncompromising style with unequaled laptop and tablet protection.]]]>
            </message>
            <full-stacktrace>
              <![CDATA[java.lang.AssertionError: The following asserts failed:
expected [product_details_page_desc] but found [carry.allTheThings() with the sleek, streamlined Sly Pack that melds uncompromising style with unequaled laptop and tablet protection.]
at org.testng.asserts.SoftAssert.assertAll(SoftAssert.java:47)
at org.testng.asserts.SoftAssert.assertAll(SoftAssert.java:31)
at com.qa.tests.ProductsTest.validateProductNameAndDescritpionOnProductdetailsPage(ProductsTest.java:89)
at sun.reflect.NativeMethodAccessorImpl.invoke0(Native Method)
at sun.reflect.NativeMethodAccessorImpl.invoke(NativeMethodAccessorImpl.java:62)
at sun.reflect.DelegatingMethodAccessorImpl.invoke(DelegatingMethodAccessorImpl.java:43)
at java.lang.reflect.Method.invoke(Method.java:498)
at org.testng.internal.MethodInvocationHelper.invokeMethod(MethodInvocationHelper.java:134)
at org.testng.internal.TestInvoker.invokeMethod(TestInvoker.java:597)
at org.testng.internal.TestInvoker.invokeTestMethod(TestInvoker.java:173)
at org.testng.internal.MethodRunner.runInSequence(MethodRunner.java:46)
at org.testng.internal.TestInvoker$MethodInvocationAgent.invoke(TestInvoker.java:816)
at org.testng.internal.TestInvoker.invokeTestMethods(TestInvoker.java:146)
at org.testng.internal.TestMethodWorker.invokeTestMethods(TestMethodWorker.java:146)
at org.testng.internal.TestMethodWorker.run(TestMethodWorker.java:128)
at java.util.ArrayList.forEach(ArrayList.java:1257)
at org.testng.TestRunner.privateRun(TestRunner.java:766)
at org.testng.TestRunner.run(TestRunner.java:587)
at org.testng.SuiteRunner.runTest(SuiteRunner.java:384)
at org.testng.SuiteRunner.access$000(SuiteRunner.java:28)
at org.testng.SuiteRunner$SuiteWorker.run(SuiteRunner.java:425)
at org.testng.internal.thread.ThreadUtil.lambda$execute$0(ThreadUtil.java:68)
at java.util.concurrent.FutureTask.run(FutureTask.java:266)
at java.util.concurrent.ThreadPoolExecutor.runWorker(ThreadPoolExecutor.java:1149)
at java.util.concurrent.ThreadPoolExecutor$Worker.run(ThreadPoolExecutor.java:624)
at java.lang.Thread.run(Thread.java:748)
]]>
            </full-stacktrace>
          </exception> <!-- java.lang.AssertionError -->
          <reporter-output>
          </reporter-output>
        </test-method> <!-- validateProductNameAndDescritpionOnProductdetailsPage -->
        <test-method status="PASS" signature="tearDown()[pri:0, instance:com.qa.tests.ProductsTest@103f852]" name="tearDown" is-config="true" duration-ms="290" started-at="2020-07-10T17:04:10 IST" finished-at="2020-07-10T17:04:11 IST">
          <reporter-output>
          </reporter-output>
        </test-method> <!-- tearDown -->
      </class> <!-- com.qa.tests.ProductsTest -->
    </test> <!-- Xiaomi -->
  </suite> <!-- Appium_Practice_Suite -->
</testng-results>
